{
  message: 'database is connected successfully',
  level: 'info',
  service: 'user-service',
  label: 'university Management',
  timestamp: '2023-09-21T12:12:24.628Z'
}
{
  message: 'app is listening in the 5000',
  level: 'info',
  service: 'user-service',
  label: 'university Management',
  timestamp: '2023-09-21T12:12:24.647Z'
}
{
  message: 'database is connected successfully',
  level: 'info',
  service: 'user-service',
  label: 'university Management',
  timestamp: '2023-09-21T12:20:43.519Z'
}
{
  message: 'app is listening in the 5000',
  level: 'info',
  service: 'user-service',
  label: 'university Management',
  timestamp: '2023-09-21T12:20:43.530Z'
}
