{
  message: 'database is connected successfully',
  level: 'info',
  service: 'user-service',
  label: 'university Management',
  timestamp: '2023-09-17T20:00:01.444Z'
}
{
  message: 'app is listening in the 5000',
  level: 'info',
  service: 'user-service',
  label: 'university Management',
  timestamp: '2023-09-17T20:00:01.460Z'
}
{
  message: 'database is connected successfully',
  level: 'info',
  service: 'user-service',
  label: 'university Management',
  timestamp: '2023-09-17T20:00:04.667Z'
}
{
  message: 'app is listening in the 5000',
  level: 'info',
  service: 'user-service',
  label: 'university Management',
  timestamp: '2023-09-17T20:00:04.680Z'
}
{
  message: 'database is connected successfully',
  level: 'info',
  service: 'user-service',
  label: 'university Management',
  timestamp: '2023-09-17T20:00:19.740Z'
}
{
  message: 'app is listening in the 5000',
  level: 'info',
  service: 'user-service',
  label: 'university Management',
  timestamp: '2023-09-17T20:00:19.753Z'
}
{
  message: 'database is connected successfully',
  level: 'info',
  service: 'user-service',
  label: 'university Management',
  timestamp: '2023-09-17T20:00:52.534Z'
}
{
  message: 'app is listening in the 5000',
  level: 'info',
  service: 'user-service',
  label: 'university Management',
  timestamp: '2023-09-17T20:00:52.547Z'
}
{
  message: 'database is connected successfully',
  level: 'info',
  service: 'user-service',
  label: 'university Management',
  timestamp: '2023-09-17T20:18:14.833Z'
}
{
  message: 'app is listening in the 5000',
  level: 'info',
  service: 'user-service',
  label: 'university Management',
  timestamp: '2023-09-17T20:18:14.851Z'
}
{
  message: 'database is connected successfully',
  level: 'info',
  service: 'user-service',
  label: 'university Management',
  timestamp: '2023-09-17T20:23:08.421Z'
}
{
  message: 'app is listening in the 5000',
  level: 'info',
  service: 'user-service',
  label: 'university Management',
  timestamp: '2023-09-17T20:23:08.433Z'
}
{
  message: 'database is connected successfully',
  level: 'info',
  service: 'user-service',
  label: 'university Management',
  timestamp: '2023-09-17T20:25:15.439Z'
}
{
  message: 'app is listening in the 5000',
  level: 'info',
  service: 'user-service',
  label: 'university Management',
  timestamp: '2023-09-17T20:25:15.450Z'
}
