{
  message: 'database is connected successfully',
  level: 'info',
  service: 'user-service',
  label: 'university Management',
  timestamp: '2023-09-26T15:17:46.147Z'
}
{
  message: 'app is listening in the 5000',
  level: 'info',
  service: 'user-service',
  label: 'university Management',
  timestamp: '2023-09-26T15:17:46.178Z'
}
{
  message: 'database is connected successfully',
  level: 'info',
  service: 'user-service',
  label: 'university Management',
  timestamp: '2023-09-26T15:18:18.285Z'
}
{
  message: 'app is listening in the 5000',
  level: 'info',
  service: 'user-service',
  label: 'university Management',
  timestamp: '2023-09-26T15:18:18.306Z'
}
{
  message: 'database is connected successfully',
  level: 'info',
  service: 'user-service',
  label: 'university Management',
  timestamp: '2023-09-26T15:58:51.854Z'
}
{
  message: 'app is listening in the 5000',
  level: 'info',
  service: 'user-service',
  label: 'university Management',
  timestamp: '2023-09-26T15:58:51.880Z'
}
{
  message: 'database is connected successfully',
  level: 'info',
  service: 'user-service',
  label: 'university Management',
  timestamp: '2023-09-26T15:59:08.167Z'
}
{
  message: 'app is listening in the 5000',
  level: 'info',
  service: 'user-service',
  label: 'university Management',
  timestamp: '2023-09-26T15:59:08.271Z'
}
{
  message: 'database is connected successfully',
  level: 'info',
  service: 'user-service',
  label: 'university Management',
  timestamp: '2023-09-26T15:59:19.760Z'
}
{
  message: 'app is listening in the 5000',
  level: 'info',
  service: 'user-service',
  label: 'university Management',
  timestamp: '2023-09-26T15:59:19.787Z'
}
{
  message: 'database is connected successfully',
  level: 'info',
  service: 'user-service',
  label: 'university Management',
  timestamp: '2023-09-26T15:59:46.855Z'
}
{
  message: 'app is listening in the 5000',
  level: 'info',
  service: 'user-service',
  label: 'university Management',
  timestamp: '2023-09-26T15:59:46.882Z'
}
