{
  message: 'database is connected successfully',
  level: 'info',
  service: 'user-service',
  label: 'university Management',
  timestamp: '2023-09-17T11:00:11.765Z'
}
{
  message: 'app is listening in the 5000',
  level: 'info',
  service: 'user-service',
  label: 'university Management',
  timestamp: '2023-09-17T11:00:11.777Z'
}
{
  message: 'database is connected successfully',
  level: 'info',
  service: 'user-service',
  label: 'university Management',
  timestamp: '2023-09-17T11:01:56.485Z'
}
{
  message: 'app is listening in the 5000',
  level: 'info',
  service: 'user-service',
  label: 'university Management',
  timestamp: '2023-09-17T11:01:56.501Z'
}
{
  message: 'database is connected successfully',
  level: 'info',
  service: 'user-service',
  label: 'university Management',
  timestamp: '2023-09-17T11:02:09.199Z'
}
{
  message: 'app is listening in the 5000',
  level: 'info',
  service: 'user-service',
  label: 'university Management',
  timestamp: '2023-09-17T11:02:09.210Z'
}
{
  message: 'database is connected successfully',
  level: 'info',
  service: 'user-service',
  label: 'university Management',
  timestamp: '2023-09-17T11:03:55.713Z'
}
{
  message: 'app is listening in the 5000',
  level: 'info',
  service: 'user-service',
  label: 'university Management',
  timestamp: '2023-09-17T11:03:55.728Z'
}
{
  message: 'database is connected successfully',
  level: 'info',
  service: 'user-service',
  label: 'university Management',
  timestamp: '2023-09-17T11:04:42.592Z'
}
{
  message: 'app is listening in the 5000',
  level: 'info',
  service: 'user-service',
  label: 'university Management',
  timestamp: '2023-09-17T11:04:42.603Z'
}
{
  message: 'database is connected successfully',
  level: 'info',
  service: 'user-service',
  label: 'university Management',
  timestamp: '2023-09-17T11:07:05.879Z'
}
{
  message: 'app is listening in the 5000',
  level: 'info',
  service: 'user-service',
  label: 'university Management',
  timestamp: '2023-09-17T11:07:05.894Z'
}
{
  message: 'database is connected successfully',
  level: 'info',
  service: 'user-service',
  label: 'university Management',
  timestamp: '2023-09-17T11:07:20.180Z'
}
{
  message: 'app is listening in the 5000',
  level: 'info',
  service: 'user-service',
  label: 'university Management',
  timestamp: '2023-09-17T11:07:20.199Z'
}
{
  message: 'database is connected successfully',
  level: 'info',
  service: 'user-service',
  label: 'university Management',
  timestamp: '2023-09-17T11:07:38.746Z'
}
{
  message: 'app is listening in the 5000',
  level: 'info',
  service: 'user-service',
  label: 'university Management',
  timestamp: '2023-09-17T11:07:38.758Z'
}
{
  message: 'database is connected successfully',
  level: 'info',
  service: 'user-service',
  label: 'university Management',
  timestamp: '2023-09-17T11:13:23.261Z'
}
{
  message: 'app is listening in the 5000',
  level: 'info',
  service: 'user-service',
  label: 'university Management',
  timestamp: '2023-09-17T11:13:23.311Z'
}
