{
  message: 'database is connected successfully',
  level: 'info',
  service: 'user-service',
  label: 'university Management',
  timestamp: '2023-09-17T19:01:34.651Z'
}
{
  message: 'app is listening in the 5000',
  level: 'info',
  service: 'user-service',
  label: 'university Management',
  timestamp: '2023-09-17T19:01:34.681Z'
}
{
  message: 'database is connected successfully',
  level: 'info',
  service: 'user-service',
  label: 'university Management',
  timestamp: '2023-09-17T19:07:34.228Z'
}
{
  message: 'app is listening in the 5000',
  level: 'info',
  service: 'user-service',
  label: 'university Management',
  timestamp: '2023-09-17T19:07:34.244Z'
}
{
  message: 'database is connected successfully',
  level: 'info',
  service: 'user-service',
  label: 'university Management',
  timestamp: '2023-09-17T19:07:55.884Z'
}
{
  message: 'app is listening in the 5000',
  level: 'info',
  service: 'user-service',
  label: 'university Management',
  timestamp: '2023-09-17T19:07:55.917Z'
}
{
  message: 'database is connected successfully',
  level: 'info',
  service: 'user-service',
  label: 'university Management',
  timestamp: '2023-09-17T19:08:10.656Z'
}
{
  message: 'app is listening in the 5000',
  level: 'info',
  service: 'user-service',
  label: 'university Management',
  timestamp: '2023-09-17T19:08:10.674Z'
}
{
  message: 'database is connected successfully',
  level: 'info',
  service: 'user-service',
  label: 'university Management',
  timestamp: '2023-09-17T19:51:16.182Z'
}
{
  message: 'app is listening in the 5000',
  level: 'info',
  service: 'user-service',
  label: 'university Management',
  timestamp: '2023-09-17T19:51:16.202Z'
}
{
  message: 'database is connected successfully',
  level: 'info',
  service: 'user-service',
  label: 'university Management',
  timestamp: '2023-09-17T19:51:30.949Z'
}
{
  message: 'app is listening in the 5000',
  level: 'info',
  service: 'user-service',
  label: 'university Management',
  timestamp: '2023-09-17T19:51:30.965Z'
}
{
  message: 'database is connected successfully',
  level: 'info',
  service: 'user-service',
  label: 'university Management',
  timestamp: '2023-09-17T19:51:41.608Z'
}
{
  message: 'app is listening in the 5000',
  level: 'info',
  service: 'user-service',
  label: 'university Management',
  timestamp: '2023-09-17T19:51:41.660Z'
}
{
  message: 'database is connected successfully',
  level: 'info',
  service: 'user-service',
  label: 'university Management',
  timestamp: '2023-09-17T19:52:53.868Z'
}
{
  message: 'app is listening in the 5000',
  level: 'info',
  service: 'user-service',
  label: 'university Management',
  timestamp: '2023-09-17T19:52:53.882Z'
}
{
  message: 'database is connected successfully',
  level: 'info',
  service: 'user-service',
  label: 'university Management',
  timestamp: '2023-09-17T19:53:20.127Z'
}
{
  message: 'app is listening in the 5000',
  level: 'info',
  service: 'user-service',
  label: 'university Management',
  timestamp: '2023-09-17T19:53:20.175Z'
}
{
  message: 'database is connected successfully',
  level: 'info',
  service: 'user-service',
  label: 'university Management',
  timestamp: '2023-09-17T19:54:27.609Z'
}
{
  message: 'app is listening in the 5000',
  level: 'info',
  service: 'user-service',
  label: 'university Management',
  timestamp: '2023-09-17T19:54:27.627Z'
}
{
  message: 'database is connected successfully',
  level: 'info',
  service: 'user-service',
  label: 'university Management',
  timestamp: '2023-09-17T19:54:32.144Z'
}
{
  message: 'app is listening in the 5000',
  level: 'info',
  service: 'user-service',
  label: 'university Management',
  timestamp: '2023-09-17T19:54:32.171Z'
}
{
  message: 'database is connected successfully',
  level: 'info',
  service: 'user-service',
  label: 'university Management',
  timestamp: '2023-09-17T19:54:37.381Z'
}
{
  message: 'app is listening in the 5000',
  level: 'info',
  service: 'user-service',
  label: 'university Management',
  timestamp: '2023-09-17T19:54:37.393Z'
}
{
  message: 'database is connected successfully',
  level: 'info',
  service: 'user-service',
  label: 'university Management',
  timestamp: '2023-09-17T19:55:01.027Z'
}
{
  message: 'app is listening in the 5000',
  level: 'info',
  service: 'user-service',
  label: 'university Management',
  timestamp: '2023-09-17T19:55:01.040Z'
}
{
  message: 'database is connected successfully',
  level: 'info',
  service: 'user-service',
  label: 'university Management',
  timestamp: '2023-09-17T19:55:04.590Z'
}
{
  message: 'app is listening in the 5000',
  level: 'info',
  service: 'user-service',
  label: 'university Management',
  timestamp: '2023-09-17T19:55:04.603Z'
}
{
  message: 'database is connected successfully',
  level: 'info',
  service: 'user-service',
  label: 'university Management',
  timestamp: '2023-09-17T19:55:41.408Z'
}
{
  message: 'app is listening in the 5000',
  level: 'info',
  service: 'user-service',
  label: 'university Management',
  timestamp: '2023-09-17T19:55:41.419Z'
}
{
  message: 'database is connected successfully',
  level: 'info',
  service: 'user-service',
  label: 'university Management',
  timestamp: '2023-09-17T19:56:09.327Z'
}
{
  message: 'app is listening in the 5000',
  level: 'info',
  service: 'user-service',
  label: 'university Management',
  timestamp: '2023-09-17T19:56:09.341Z'
}
{
  message: 'database is connected successfully',
  level: 'info',
  service: 'user-service',
  label: 'university Management',
  timestamp: '2023-09-17T19:56:22.105Z'
}
{
  message: 'app is listening in the 5000',
  level: 'info',
  service: 'user-service',
  label: 'university Management',
  timestamp: '2023-09-17T19:56:22.116Z'
}
{
  message: 'database is connected successfully',
  level: 'info',
  service: 'user-service',
  label: 'university Management',
  timestamp: '2023-09-17T19:56:30.074Z'
}
{
  message: 'app is listening in the 5000',
  level: 'info',
  service: 'user-service',
  label: 'university Management',
  timestamp: '2023-09-17T19:56:30.089Z'
}
{
  message: 'database is connected successfully',
  level: 'info',
  service: 'user-service',
  label: 'university Management',
  timestamp: '2023-09-17T19:56:33.874Z'
}
{
  message: 'app is listening in the 5000',
  level: 'info',
  service: 'user-service',
  label: 'university Management',
  timestamp: '2023-09-17T19:56:33.886Z'
}
{
  message: 'database is connected successfully',
  level: 'info',
  service: 'user-service',
  label: 'university Management',
  timestamp: '2023-09-17T19:56:41.130Z'
}
{
  message: 'app is listening in the 5000',
  level: 'info',
  service: 'user-service',
  label: 'university Management',
  timestamp: '2023-09-17T19:56:41.143Z'
}
{
  message: 'database is connected successfully',
  level: 'info',
  service: 'user-service',
  label: 'university Management',
  timestamp: '2023-09-17T19:58:10.177Z'
}
{
  message: 'app is listening in the 5000',
  level: 'info',
  service: 'user-service',
  label: 'university Management',
  timestamp: '2023-09-17T19:58:10.188Z'
}
{
  message: 'database is connected successfully',
  level: 'info',
  service: 'user-service',
  label: 'university Management',
  timestamp: '2023-09-17T19:58:24.506Z'
}
{
  message: 'app is listening in the 5000',
  level: 'info',
  service: 'user-service',
  label: 'university Management',
  timestamp: '2023-09-17T19:58:24.518Z'
}
{
  message: 'database is connected successfully',
  level: 'info',
  service: 'user-service',
  label: 'university Management',
  timestamp: '2023-09-17T19:59:19.998Z'
}
{
  message: 'app is listening in the 5000',
  level: 'info',
  service: 'user-service',
  label: 'university Management',
  timestamp: '2023-09-17T19:59:20.018Z'
}
{
  message: 'database is connected successfully',
  level: 'info',
  service: 'user-service',
  label: 'university Management',
  timestamp: '2023-09-17T19:59:25.614Z'
}
{
  message: 'app is listening in the 5000',
  level: 'info',
  service: 'user-service',
  label: 'university Management',
  timestamp: '2023-09-17T19:59:25.631Z'
}
{
  message: 'database is connected successfully',
  level: 'info',
  service: 'user-service',
  label: 'university Management',
  timestamp: '2023-09-17T19:59:55.376Z'
}
{
  message: 'app is listening in the 5000',
  level: 'info',
  service: 'user-service',
  label: 'university Management',
  timestamp: '2023-09-17T19:59:55.387Z'
}
